<?xml version="1.0" encoding="UTF-8"?>
<robot generator="Robot 6.0.1 (Python 3.10.4 on win32)" generated="20221230 17:08:15.323" rpa="false" schemaversion="3">
<suite id="s1" name="Variaveis Teste" source="C:\Users\ander\OneDrive\Área de Trabalho\Projetos\robotframework\WebTesting\variaveis_teste.robot">
<test id="s1-t1" name="Gerar email" line="11">
<kw name="Gerar email para usuário &quot;anderson&quot; &quot;costa&quot;" sourcename="Gerar email para usuário &quot;${NOME}&quot; &quot;${SOBRENOME}&quot;">
<kw name="Guardar nome e sobrenome">
<var>${EMAIL_USUARIO}</var>
<arg>${NOME}</arg>
<arg>${SOBRENOME}</arg>
<kw name="Generate Random String" library="String">
<var>${RANDOM_WORD}</var>
<arg>5-8</arg>
<doc>Generates a string with a desired ``length`` from the given ``chars``.</doc>
<msg timestamp="20221230 17:08:15.348" level="INFO">${RANDOM_WORD} = bpYei2</msg>
<status status="PASS" starttime="20221230 17:08:15.348" endtime="20221230 17:08:15.349"/>
</kw>
<msg timestamp="20221230 17:08:15.349" level="INFO">${EMAIL_USUARIO} = andersoncostabpYei2@testerobot.com</msg>
<status status="PASS" starttime="20221230 17:08:15.348" endtime="20221230 17:08:15.349"/>
</kw>
<kw name="Log To Console" library="BuiltIn">
<arg>message=${EMAIL_USUARIO}</arg>
<doc>Logs the given message to the console.</doc>
<status status="PASS" starttime="20221230 17:08:15.349" endtime="20221230 17:08:15.349"/>
</kw>
<status status="PASS" starttime="20221230 17:08:15.347" endtime="20221230 17:08:15.349"/>
</kw>
<status status="PASS" starttime="20221230 17:08:15.347" endtime="20221230 17:08:15.350"/>
</test>
<doc>Exercício do curso de robotframework</doc>
<status status="PASS" starttime="20221230 17:08:15.324" endtime="20221230 17:08:15.350"/>
</suite>
<statistics>
<total>
<stat pass="1" fail="0" skip="0">All Tests</stat>
</total>
<tag>
</tag>
<suite>
<stat pass="1" fail="0" skip="0" id="s1" name="Variaveis Teste">Variaveis Teste</stat>
</suite>
</statistics>
<errors>
</errors>
</robot>
