<?xml version="1.0" encoding="UTF-8"?>
<robot generator="Robot 6.0.1 (Python 3.10.4 on win32)" generated="20221226 19:53:04.561" rpa="false" schemaversion="3">
<suite id="s1" name="Amazon Tests" source="C:\Users\ander\OneDrive\Área de Trabalho\Projetos\robotframework\WebTesting\amazon_tests.robot">
<test id="s1-t1" name="Caso de Teste 01 - Acesso ao menu &quot;Eletrônicos&quot;" line="8">
<kw name="Abrir navegador" library="amazon_resources" type="SETUP">
<kw name="Open Browser" library="SeleniumLibrary">
<arg>browser=chrome</arg>
<doc>Opens a new browser instance to the optional ``url``.</doc>
<msg timestamp="20221226 19:53:04.896" level="INFO">Opening browser 'chrome' to base url 'None'.</msg>
<status status="PASS" starttime="20221226 19:53:04.895" endtime="20221226 19:53:07.408"/>
</kw>
<kw name="Maximize Browser Window" library="SeleniumLibrary">
<doc>Maximizes current browser window.</doc>
<status status="PASS" starttime="20221226 19:53:07.408" endtime="20221226 19:53:07.560"/>
</kw>
<status status="PASS" starttime="20221226 19:53:04.894" endtime="20221226 19:53:07.560"/>
</kw>
<kw name=" Acessar a home page do site Amazon.com.br" library="amazon_resources">
<kw name="Go To" library="SeleniumLibrary">
<arg>url=${URL}</arg>
<doc>Navigates the current browser window to the provided ``url``.</doc>
<msg timestamp="20221226 19:53:07.562" level="INFO">Opening url 'https://www.amazon.com.br/'</msg>
<status status="PASS" starttime="20221226 19:53:07.562" endtime="20221226 19:53:11.125"/>
</kw>
<kw name="Wait Until Element Is Visible" library="SeleniumLibrary">
<arg>locator=${MENU_ELETRONICOS}</arg>
<doc>Waits until the element ``locator`` is visible.</doc>
<status status="PASS" starttime="20221226 19:53:11.125" endtime="20221226 19:53:11.199"/>
</kw>
<status status="PASS" starttime="20221226 19:53:07.560" endtime="20221226 19:53:11.200"/>
</kw>
<kw name="Entrar no menu &quot;Eletrônicos&quot;" library="amazon_resources">
<kw name="Click Element" library="SeleniumLibrary">
<arg>locator=${MENU_ELETRONICOS}</arg>
<doc>Click the element identified by ``locator``.</doc>
<msg timestamp="20221226 19:53:11.204" level="INFO">Clicking element '//a[@href='/Eletronicos-e-Tecnologia/b/?ie=UTF8&amp;node=16209062011&amp;ref_=nav_cs_electronics'][contains(.,'Eletrônicos')]'.</msg>
<status status="PASS" starttime="20221226 19:53:11.203" endtime="20221226 19:53:13.964"/>
</kw>
<status status="PASS" starttime="20221226 19:53:11.202" endtime="20221226 19:53:13.964"/>
</kw>
<kw name="Verificar se aparece a frase &quot;Eletrônicos e Tecnologia&quot;" library="amazon_resources">
<kw name="Wait Until Page Contains" library="SeleniumLibrary">
<arg>text=Eletrônicos e Tecnologia</arg>
<doc>Waits until ``text`` appears on the current page.</doc>
<status status="PASS" starttime="20221226 19:53:13.967" endtime="20221226 19:53:14.095"/>
</kw>
<kw name="Wait Until Element Is Visible" library="SeleniumLibrary">
<arg>locator=${TITULO_ELETRONICOS}</arg>
<doc>Waits until the element ``locator`` is visible.</doc>
<status status="PASS" starttime="20221226 19:53:14.095" endtime="20221226 19:53:14.259"/>
</kw>
<status status="PASS" starttime="20221226 19:53:13.966" endtime="20221226 19:53:14.259"/>
</kw>
<kw name="Verificar se o título da página fica &quot;Eletrônicos e Tecnologia | Amazon.com.br&quot;" library="amazon_resources" sourcename="Verificar se o título da página fica &quot;${TITLE}&quot;">
<kw name="Title Should Be" library="SeleniumLibrary">
<arg>title=${TITLE}</arg>
<doc>Verifies that the current page title equals ``title``.</doc>
<msg timestamp="20221226 19:53:14.282" level="INFO">Page title is 'Eletrônicos e Tecnologia | Amazon.com.br'.</msg>
<status status="PASS" starttime="20221226 19:53:14.262" endtime="20221226 19:53:14.283"/>
</kw>
<status status="PASS" starttime="20221226 19:53:14.260" endtime="20221226 19:53:14.283"/>
</kw>
<kw name="Verificar se aparece a categoria &quot;Computadores e Informática&quot;" library="amazon_resources" sourcename="Verificar se aparece a categoria &quot;${NOME_CATEGORIA}&quot;">
<kw name="Wait Until Page Contains" library="SeleniumLibrary">
<arg>text=${NOME_CATEGORIA}</arg>
<doc>Waits until ``text`` appears on the current page.</doc>
<status status="PASS" starttime="20221226 19:53:14.285" endtime="20221226 19:53:14.406"/>
</kw>
<kw name="Element Should Be Visible" library="SeleniumLibrary">
<arg>locator=//img[contains(@alt,'${NOME_CATEGORIA}')]</arg>
<doc>Verifies that the element identified by ``locator`` is visible.</doc>
<msg timestamp="20221226 19:53:14.564" level="INFO">Element '//img[contains(@alt,'Computadores e Informática')]' is displayed.</msg>
<status status="PASS" starttime="20221226 19:53:14.406" endtime="20221226 19:53:14.565"/>
</kw>
<status status="PASS" starttime="20221226 19:53:14.284" endtime="20221226 19:53:14.565"/>
</kw>
<kw name="Fechar o navegador" library="amazon_resources" type="TEARDOWN">
<kw name="Capture Page Screenshot" library="SeleniumLibrary">
<doc>Takes a screenshot of the current page and embeds it into a log file.</doc>
<msg timestamp="20221226 19:53:15.299" level="INFO" html="true">&lt;/td&gt;&lt;/tr&gt;&lt;tr&gt;&lt;td colspan="3"&gt;&lt;a href="selenium-screenshot-1.png"&gt;&lt;img src="selenium-screenshot-1.png" width="800px"&gt;&lt;/a&gt;</msg>
<status status="PASS" starttime="20221226 19:53:14.568" endtime="20221226 19:53:15.299"/>
</kw>
<kw name="Close Browser" library="SeleniumLibrary">
<doc>Closes the current browser.</doc>
<status status="PASS" starttime="20221226 19:53:15.299" endtime="20221226 19:53:17.578"/>
</kw>
<status status="PASS" starttime="20221226 19:53:14.566" endtime="20221226 19:53:17.578"/>
</kw>
<doc>Esse teste verifica o menu de eletrônicoa do site da amazon.com.br
e verifica a categoria Computadores e Informática</doc>
<tag>categorias</tag>
<tag>menus</tag>
<status status="PASS" starttime="20221226 19:53:04.891" endtime="20221226 19:53:17.579"/>
</test>
<test id="s1-t2" name=" Caso de Teste 02 - Pesquisa de um Produto" line="18">
<kw name="Abrir navegador" library="amazon_resources" type="SETUP">
<kw name="Open Browser" library="SeleniumLibrary">
<arg>browser=chrome</arg>
<doc>Opens a new browser instance to the optional ``url``.</doc>
<msg timestamp="20221226 19:53:17.587" level="INFO">Opening browser 'chrome' to base url 'None'.</msg>
<status status="PASS" starttime="20221226 19:53:17.586" endtime="20221226 19:53:19.289"/>
</kw>
<kw name="Maximize Browser Window" library="SeleniumLibrary">
<doc>Maximizes current browser window.</doc>
<status status="PASS" starttime="20221226 19:53:19.290" endtime="20221226 19:53:19.441"/>
</kw>
<status status="PASS" starttime="20221226 19:53:17.585" endtime="20221226 19:53:19.441"/>
</kw>
<kw name=" Acessar a home page do site Amazon.com.br" library="amazon_resources">
<kw name="Go To" library="SeleniumLibrary">
<arg>url=${URL}</arg>
<doc>Navigates the current browser window to the provided ``url``.</doc>
<msg timestamp="20221226 19:53:19.444" level="INFO">Opening url 'https://www.amazon.com.br/'</msg>
<status status="PASS" starttime="20221226 19:53:19.444" endtime="20221226 19:53:21.774"/>
</kw>
<kw name="Wait Until Element Is Visible" library="SeleniumLibrary">
<arg>locator=${MENU_ELETRONICOS}</arg>
<doc>Waits until the element ``locator`` is visible.</doc>
<status status="PASS" starttime="20221226 19:53:21.775" endtime="20221226 19:53:21.885"/>
</kw>
<status status="PASS" starttime="20221226 19:53:19.443" endtime="20221226 19:53:21.885"/>
</kw>
<kw name="Digitar o nome de produto &quot;Xbox Series S&quot; no campo de pesquisa" library="amazon_resources" sourcename="Digitar o nome de produto &quot;${PRODUTO}&quot; no campo de pesquisa">
<kw name="Input Text" library="SeleniumLibrary">
<arg>locator=${CAMPO_BUSCA}</arg>
<arg>text=${PRODUTO}</arg>
<doc>Types the given ``text`` into the text field identified by ``locator``.</doc>
<msg timestamp="20221226 19:53:21.888" level="INFO">Typing text 'Xbox Series S' into text field '//input[contains(@type,'text')]'.</msg>
<status status="PASS" starttime="20221226 19:53:21.886" endtime="20221226 19:53:22.309"/>
</kw>
<status status="PASS" starttime="20221226 19:53:21.886" endtime="20221226 19:53:22.310"/>
</kw>
<kw name="Clicar no botão de pesquisa" library="amazon_resources">
<kw name="Click Element" library="SeleniumLibrary">
<arg>locator=//input[contains(@type,'submit')]</arg>
<doc>Click the element identified by ``locator``.</doc>
<msg timestamp="20221226 19:53:22.314" level="INFO">Clicking element '//input[contains(@type,'submit')]'.</msg>
<status status="PASS" starttime="20221226 19:53:22.312" endtime="20221226 19:53:24.763"/>
</kw>
<status status="PASS" starttime="20221226 19:53:22.311" endtime="20221226 19:53:24.763"/>
</kw>
<kw name="Verificar o resultado da pesquisa se está listando o produto &quot;Console Xbox Series S&quot;" library="amazon_resources" sourcename="Verificar o resultado da pesquisa se está listando o produto &quot;${PRODUTO}&quot;">
<kw name="Wait Until Page Contains" library="SeleniumLibrary">
<arg>text=${PRODUTO}</arg>
<doc>Waits until ``text`` appears on the current page.</doc>
<status status="PASS" starttime="20221226 19:53:24.765" endtime="20221226 19:53:24.798"/>
</kw>
<status status="PASS" starttime="20221226 19:53:24.764" endtime="20221226 19:53:24.798"/>
</kw>
<kw name="Fechar o navegador" library="amazon_resources" type="TEARDOWN">
<kw name="Capture Page Screenshot" library="SeleniumLibrary">
<doc>Takes a screenshot of the current page and embeds it into a log file.</doc>
<msg timestamp="20221226 19:53:25.516" level="INFO" html="true">&lt;/td&gt;&lt;/tr&gt;&lt;tr&gt;&lt;td colspan="3"&gt;&lt;a href="selenium-screenshot-2.png"&gt;&lt;img src="selenium-screenshot-2.png" width="800px"&gt;&lt;/a&gt;</msg>
<status status="PASS" starttime="20221226 19:53:24.801" endtime="20221226 19:53:25.516"/>
</kw>
<kw name="Close Browser" library="SeleniumLibrary">
<doc>Closes the current browser.</doc>
<status status="PASS" starttime="20221226 19:53:25.516" endtime="20221226 19:53:27.832"/>
</kw>
<status status="PASS" starttime="20221226 19:53:24.799" endtime="20221226 19:53:27.832"/>
</kw>
<doc>Esse teste verifica a busca de um produto</doc>
<tag>busca_produtos</tag>
<tag>lista_busca</tag>
<status status="PASS" starttime="20221226 19:53:17.583" endtime="20221226 19:53:27.833"/>
</test>
<doc>Essa suite teste o site da amazon.com.br</doc>
<status status="PASS" starttime="20221226 19:53:04.563" endtime="20221226 19:53:27.837"/>
</suite>
<statistics>
<total>
<stat pass="2" fail="0" skip="0">All Tests</stat>
</total>
<tag>
<stat pass="1" fail="0" skip="0">busca_produtos</stat>
<stat pass="1" fail="0" skip="0">categorias</stat>
<stat pass="1" fail="0" skip="0">lista_busca</stat>
<stat pass="1" fail="0" skip="0">menus</stat>
</tag>
<suite>
<stat pass="2" fail="0" skip="0" id="s1" name="Amazon Tests">Amazon Tests</stat>
</suite>
</statistics>
<errors>
</errors>
</robot>
